<html>
<head>
<title>TestNG:  Test</title>
<link href="../testng.css" rel="stylesheet" type="text/css" />
<link href="../my-testng.css" rel="stylesheet" type="text/css" />

<style type="text/css">
.log { display: none;} 
.stack-trace { display: none;} 
</style>
<script type="text/javascript">
<!--
function flip(e) {
  current = e.style.display;
  if (current == 'block') {
    e.style.display = 'none';
    return 0;
  }
  else {
    e.style.display = 'block';
    return 1;
  }
}

function toggleBox(szDivId, elem, msg1, msg2)
{
  var res = -1;  if (document.getElementById) {
    res = flip(document.getElementById(szDivId));
  }
  else if (document.all) {
    // this is the way old msie versions work
    res = flip(document.all[szDivId]);
  }
  if(elem) {
    if(res == 0) elem.innerHTML = msg1; else elem.innerHTML = msg2;
  }

}

function toggleAllBoxes() {
  if (document.getElementsByTagName) {
    d = document.getElementsByTagName('div');
    for (i = 0; i < d.length; i++) {
      if (d[i].className == 'log') {
        flip(d[i]);
      }
    }
  }
}

// -->
</script>

</head>
<body>
<h2 align='center'>Test</h2><table border='1' align="center">
<tr>
<td>Tests passed/Failed/Skipped:</td><td>33/7/0</td>
</tr><tr>
<td>Started on:</td><td>Mon Aug 01 13:46:42 IST 2022</td>
</tr>
<tr><td>Total time:</td><td>38 seconds (38525 ms)</td>
</tr><tr>
<td>Included groups:</td><td></td>
</tr><tr>
<td>Excluded groups:</td><td></td>
</tr>
</table><p/>
<small><i>(Hover the method name to see the test class name)</i></small><p/>
<table width='100%' border='1' class='invocation-failed'>
<tr><td colspan='4' align='center'><b>FAILED TESTS</b></td></tr>
<tr><td><b>Test method</b></td>
<td width="30%"><b>Exception</b></td>
<td width="10%"><b>Time (seconds)</b></td>
<td><b>Instance</b></td>
</tr>
<tr>
<td title='com.restassured.testcases.TC004_put_Empolyees_Record.checkResponseBody()'><b>checkResponseBody</b><br>Test class: com.restassured.testcases.TC004_put_Empolyees_Record</td>
<td><div><pre>java.lang.NullPointerException: Cannot invoke &quot;io.restassured.response.Response.getBody()&quot; because &quot;this.response&quot; is null
	at com.restassured.testcases.TC004_put_Empolyees_Record.checkResponseBody(TC004_put_Empolyees_Record.java:44)
	at java.base/java.util.ArrayList.forEach(ArrayList.java:1511)
... Removed 27 stack frames</pre></div><a href='#' onClick='toggleBox("stack-trace716951769", this, "Click to show all stack frames", "Click to hide stack frames")'>Click to show all stack frames</a>
<div class='stack-trace' id='stack-trace716951769'><pre>java.lang.NullPointerException: Cannot invoke &quot;io.restassured.response.Response.getBody()&quot; because &quot;this.response&quot; is null
	at com.restassured.testcases.TC004_put_Empolyees_Record.checkResponseBody(TC004_put_Empolyees_Record.java:44)
	at java.base/jdk.internal.reflect.NativeMethodAccessorImpl.invoke0(Native Method)
	at java.base/jdk.internal.reflect.NativeMethodAccessorImpl.invoke(NativeMethodAccessorImpl.java:64)
	at java.base/jdk.internal.reflect.DelegatingMethodAccessorImpl.invoke(DelegatingMethodAccessorImpl.java:43)
	at java.base/java.lang.reflect.Method.invoke(Method.java:564)
	at org.testng.internal.MethodInvocationHelper.invokeMethod(MethodInvocationHelper.java:133)
	at org.testng.internal.TestInvoker.invokeMethod(TestInvoker.java:598)
	at org.testng.internal.TestInvoker.invokeTestMethod(TestInvoker.java:173)
	at org.testng.internal.MethodRunner.runInSequence(MethodRunner.java:46)
	at org.testng.internal.TestInvoker$MethodInvocationAgent.invoke(TestInvoker.java:824)
	at org.testng.internal.TestInvoker.invokeTestMethods(TestInvoker.java:146)
	at org.testng.internal.TestMethodWorker.invokeTestMethods(TestMethodWorker.java:146)
	at org.testng.internal.TestMethodWorker.run(TestMethodWorker.java:128)
	at java.base/java.util.ArrayList.forEach(ArrayList.java:1511)
	at org.testng.TestRunner.privateRun(TestRunner.java:794)
	at org.testng.TestRunner.run(TestRunner.java:596)
	at org.testng.SuiteRunner.runTest(SuiteRunner.java:377)
	at org.testng.SuiteRunner.runSequentially(SuiteRunner.java:371)
	at org.testng.SuiteRunner.privateRun(SuiteRunner.java:332)
	at org.testng.SuiteRunner.run(SuiteRunner.java:276)
	at org.testng.SuiteRunnerWorker.runSuite(SuiteRunnerWorker.java:53)
	at org.testng.SuiteRunnerWorker.run(SuiteRunnerWorker.java:96)
	at org.testng.TestNG.runSuitesSequentially(TestNG.java:1212)
	at org.testng.TestNG.runSuitesLocally(TestNG.java:1134)
	at org.testng.TestNG.runSuites(TestNG.java:1063)
	at org.testng.TestNG.run(TestNG.java:1031)
	at org.testng.remote.AbstractRemoteTestNG.run(AbstractRemoteTestNG.java:115)
	at org.testng.remote.RemoteTestNG.initAndRun(RemoteTestNG.java:251)
	at org.testng.remote.RemoteTestNG.main(RemoteTestNG.java:77)
</pre></div></td>
<td>0</td>
<td>com.restassured.testcases.TC004_put_Empolyees_Record@383bfa16</td></tr>
<tr>
<td title='com.restassured.testcases.TC005_DELETE_Empolyees_Record.checkResponseBody()'><b>checkResponseBody</b><br>Test class: com.restassured.testcases.TC005_DELETE_Empolyees_Record</td>
<td><div><pre>java.lang.NullPointerException: Cannot invoke &quot;io.restassured.response.Response.getBody()&quot; because &quot;this.response&quot; is null
	at com.restassured.testcases.TC005_DELETE_Empolyees_Record.checkResponseBody(TC005_DELETE_Empolyees_Record.java:41)
	at java.base/java.util.ArrayList.forEach(ArrayList.java:1511)
... Removed 27 stack frames</pre></div><a href='#' onClick='toggleBox("stack-trace876487258", this, "Click to show all stack frames", "Click to hide stack frames")'>Click to show all stack frames</a>
<div class='stack-trace' id='stack-trace876487258'><pre>java.lang.NullPointerException: Cannot invoke &quot;io.restassured.response.Response.getBody()&quot; because &quot;this.response&quot; is null
	at com.restassured.testcases.TC005_DELETE_Empolyees_Record.checkResponseBody(TC005_DELETE_Empolyees_Record.java:41)
	at java.base/jdk.internal.reflect.NativeMethodAccessorImpl.invoke0(Native Method)
	at java.base/jdk.internal.reflect.NativeMethodAccessorImpl.invoke(NativeMethodAccessorImpl.java:64)
	at java.base/jdk.internal.reflect.DelegatingMethodAccessorImpl.invoke(DelegatingMethodAccessorImpl.java:43)
	at java.base/java.lang.reflect.Method.invoke(Method.java:564)
	at org.testng.internal.MethodInvocationHelper.invokeMethod(MethodInvocationHelper.java:133)
	at org.testng.internal.TestInvoker.invokeMethod(TestInvoker.java:598)
	at org.testng.internal.TestInvoker.invokeTestMethod(TestInvoker.java:173)
	at org.testng.internal.MethodRunner.runInSequence(MethodRunner.java:46)
	at org.testng.internal.TestInvoker$MethodInvocationAgent.invoke(TestInvoker.java:824)
	at org.testng.internal.TestInvoker.invokeTestMethods(TestInvoker.java:146)
	at org.testng.internal.TestMethodWorker.invokeTestMethods(TestMethodWorker.java:146)
	at org.testng.internal.TestMethodWorker.run(TestMethodWorker.java:128)
	at java.base/java.util.ArrayList.forEach(ArrayList.java:1511)
	at org.testng.TestRunner.privateRun(TestRunner.java:794)
	at org.testng.TestRunner.run(TestRunner.java:596)
	at org.testng.SuiteRunner.runTest(SuiteRunner.java:377)
	at org.testng.SuiteRunner.runSequentially(SuiteRunner.java:371)
	at org.testng.SuiteRunner.privateRun(SuiteRunner.java:332)
	at org.testng.SuiteRunner.run(SuiteRunner.java:276)
	at org.testng.SuiteRunnerWorker.runSuite(SuiteRunnerWorker.java:53)
	at org.testng.SuiteRunnerWorker.run(SuiteRunnerWorker.java:96)
	at org.testng.TestNG.runSuitesSequentially(TestNG.java:1212)
	at org.testng.TestNG.runSuitesLocally(TestNG.java:1134)
	at org.testng.TestNG.runSuites(TestNG.java:1063)
	at org.testng.TestNG.run(TestNG.java:1031)
	at org.testng.remote.AbstractRemoteTestNG.run(AbstractRemoteTestNG.java:115)
	at org.testng.remote.RemoteTestNG.initAndRun(RemoteTestNG.java:251)
	at org.testng.remote.RemoteTestNG.main(RemoteTestNG.java:77)
</pre></div></td>
<td>0</td>
<td>com.restassured.testcases.TC005_DELETE_Empolyees_Record@4d465b11</td></tr>
<tr>
<td title='com.restassured.testcases.TC001_Get_ALLempolyees.checkcontent_Length()'><b>checkcontent_Length</b><br>Test class: com.restassured.testcases.TC001_Get_ALLempolyees</td>
<td><div><pre>junit.framework.AssertionFailedError
	at junit.framework.Assert.fail(Assert.java:48)
	at junit.framework.Assert.assertTrue(Assert.java:20)
	at junit.framework.Assert.assertTrue(Assert.java:27)
	at com.restassured.testcases.TC001_Get_ALLempolyees.checkcontent_Length(TC001_Get_ALLempolyees.java:90)
	at java.base/java.util.ArrayList.forEach(ArrayList.java:1511)
... Removed 27 stack frames</pre></div><a href='#' onClick='toggleBox("stack-trace404994500", this, "Click to show all stack frames", "Click to hide stack frames")'>Click to show all stack frames</a>
<div class='stack-trace' id='stack-trace404994500'><pre>junit.framework.AssertionFailedError
	at junit.framework.Assert.fail(Assert.java:48)
	at junit.framework.Assert.assertTrue(Assert.java:20)
	at junit.framework.Assert.assertTrue(Assert.java:27)
	at com.restassured.testcases.TC001_Get_ALLempolyees.checkcontent_Length(TC001_Get_ALLempolyees.java:90)
	at java.base/jdk.internal.reflect.NativeMethodAccessorImpl.invoke0(Native Method)
	at java.base/jdk.internal.reflect.NativeMethodAccessorImpl.invoke(NativeMethodAccessorImpl.java:64)
	at java.base/jdk.internal.reflect.DelegatingMethodAccessorImpl.invoke(DelegatingMethodAccessorImpl.java:43)
	at java.base/java.lang.reflect.Method.invoke(Method.java:564)
	at org.testng.internal.MethodInvocationHelper.invokeMethod(MethodInvocationHelper.java:133)
	at org.testng.internal.TestInvoker.invokeMethod(TestInvoker.java:598)
	at org.testng.internal.TestInvoker.invokeTestMethod(TestInvoker.java:173)
	at org.testng.internal.MethodRunner.runInSequence(MethodRunner.java:46)
	at org.testng.internal.TestInvoker$MethodInvocationAgent.invoke(TestInvoker.java:824)
	at org.testng.internal.TestInvoker.invokeTestMethods(TestInvoker.java:146)
	at org.testng.internal.TestMethodWorker.invokeTestMethods(TestMethodWorker.java:146)
	at org.testng.internal.TestMethodWorker.run(TestMethodWorker.java:128)
	at java.base/java.util.ArrayList.forEach(ArrayList.java:1511)
	at org.testng.TestRunner.privateRun(TestRunner.java:794)
	at org.testng.TestRunner.run(TestRunner.java:596)
	at org.testng.SuiteRunner.runTest(SuiteRunner.java:377)
	at org.testng.SuiteRunner.runSequentially(SuiteRunner.java:371)
	at org.testng.SuiteRunner.privateRun(SuiteRunner.java:332)
	at org.testng.SuiteRunner.run(SuiteRunner.java:276)
	at org.testng.SuiteRunnerWorker.runSuite(SuiteRunnerWorker.java:53)
	at org.testng.SuiteRunnerWorker.run(SuiteRunnerWorker.java:96)
	at org.testng.TestNG.runSuitesSequentially(TestNG.java:1212)
	at org.testng.TestNG.runSuitesLocally(TestNG.java:1134)
	at org.testng.TestNG.runSuites(TestNG.java:1063)
	at org.testng.TestNG.run(TestNG.java:1031)
	at org.testng.remote.AbstractRemoteTestNG.run(AbstractRemoteTestNG.java:115)
	at org.testng.remote.RemoteTestNG.initAndRun(RemoteTestNG.java:251)
	at org.testng.remote.RemoteTestNG.main(RemoteTestNG.java:77)
</pre></div></td>
<td>0</td>
<td>com.restassured.testcases.TC001_Get_ALLempolyees@67c33749</td></tr>
<tr>
<td title='com.restassured.testcases.TC002_Get_Single_empolyees.checkresponceBody()'><b>checkresponceBody</b><br>Test class: com.restassured.testcases.TC002_Get_Single_empolyees</td>
<td><div><pre>junit.framework.AssertionFailedError: expected:&lt;false&gt; but was:&lt;true&gt;
	at junit.framework.Assert.fail(Assert.java:50)
	at junit.framework.Assert.failNotEquals(Assert.java:287)
	at junit.framework.Assert.assertEquals(Assert.java:67)
	at junit.framework.Assert.assertEquals(Assert.java:147)
	at junit.framework.Assert.assertEquals(Assert.java:153)
	at com.restassured.testcases.TC002_Get_Single_empolyees.checkresponceBody(TC002_Get_Single_empolyees.java:28)
	at java.base/java.util.ArrayList.forEach(ArrayList.java:1511)
... Removed 27 stack frames</pre></div><a href='#' onClick='toggleBox("stack-trace832743930", this, "Click to show all stack frames", "Click to hide stack frames")'>Click to show all stack frames</a>
<div class='stack-trace' id='stack-trace832743930'><pre>junit.framework.AssertionFailedError: expected:&lt;false&gt; but was:&lt;true&gt;
	at junit.framework.Assert.fail(Assert.java:50)
	at junit.framework.Assert.failNotEquals(Assert.java:287)
	at junit.framework.Assert.assertEquals(Assert.java:67)
	at junit.framework.Assert.assertEquals(Assert.java:147)
	at junit.framework.Assert.assertEquals(Assert.java:153)
	at com.restassured.testcases.TC002_Get_Single_empolyees.checkresponceBody(TC002_Get_Single_empolyees.java:28)
	at java.base/jdk.internal.reflect.NativeMethodAccessorImpl.invoke0(Native Method)
	at java.base/jdk.internal.reflect.NativeMethodAccessorImpl.invoke(NativeMethodAccessorImpl.java:64)
	at java.base/jdk.internal.reflect.DelegatingMethodAccessorImpl.invoke(DelegatingMethodAccessorImpl.java:43)
	at java.base/java.lang.reflect.Method.invoke(Method.java:564)
	at org.testng.internal.MethodInvocationHelper.invokeMethod(MethodInvocationHelper.java:133)
	at org.testng.internal.TestInvoker.invokeMethod(TestInvoker.java:598)
	at org.testng.internal.TestInvoker.invokeTestMethod(TestInvoker.java:173)
	at org.testng.internal.MethodRunner.runInSequence(MethodRunner.java:46)
	at org.testng.internal.TestInvoker$MethodInvocationAgent.invoke(TestInvoker.java:824)
	at org.testng.internal.TestInvoker.invokeTestMethods(TestInvoker.java:146)
	at org.testng.internal.TestMethodWorker.invokeTestMethods(TestMethodWorker.java:146)
	at org.testng.internal.TestMethodWorker.run(TestMethodWorker.java:128)
	at java.base/java.util.ArrayList.forEach(ArrayList.java:1511)
	at org.testng.TestRunner.privateRun(TestRunner.java:794)
	at org.testng.TestRunner.run(TestRunner.java:596)
	at org.testng.SuiteRunner.runTest(SuiteRunner.java:377)
	at org.testng.SuiteRunner.runSequentially(SuiteRunner.java:371)
	at org.testng.SuiteRunner.privateRun(SuiteRunner.java:332)
	at org.testng.SuiteRunner.run(SuiteRunner.java:276)
	at org.testng.SuiteRunnerWorker.runSuite(SuiteRunnerWorker.java:53)
	at org.testng.SuiteRunnerWorker.run(SuiteRunnerWorker.java:96)
	at org.testng.TestNG.runSuitesSequentially(TestNG.java:1212)
	at org.testng.TestNG.runSuitesLocally(TestNG.java:1134)
	at org.testng.TestNG.runSuites(TestNG.java:1063)
	at org.testng.TestNG.run(TestNG.java:1031)
	at org.testng.remote.AbstractRemoteTestNG.run(AbstractRemoteTestNG.java:115)
	at org.testng.remote.RemoteTestNG.initAndRun(RemoteTestNG.java:251)
	at org.testng.remote.RemoteTestNG.main(RemoteTestNG.java:77)
</pre></div></td>
<td>0</td>
<td>com.restassured.testcases.TC002_Get_Single_empolyees@5fbdfdcf</td></tr>
<tr>
<td title='com.restassured.testcases.TC001_Get_ALLempolyees.checkresponceTime()'><b>checkresponceTime</b><br>Test class: com.restassured.testcases.TC001_Get_ALLempolyees</td>
<td><div><pre>junit.framework.AssertionFailedError
	at junit.framework.Assert.fail(Assert.java:48)
	at junit.framework.Assert.assertTrue(Assert.java:20)
	at junit.framework.Assert.assertTrue(Assert.java:27)
	at com.restassured.testcases.TC001_Get_ALLempolyees.checkresponceTime(TC001_Get_ALLempolyees.java:45)
	at java.base/java.util.ArrayList.forEach(ArrayList.java:1511)
... Removed 27 stack frames</pre></div><a href='#' onClick='toggleBox("stack-trace495650048", this, "Click to show all stack frames", "Click to hide stack frames")'>Click to show all stack frames</a>
<div class='stack-trace' id='stack-trace495650048'><pre>junit.framework.AssertionFailedError
	at junit.framework.Assert.fail(Assert.java:48)
	at junit.framework.Assert.assertTrue(Assert.java:20)
	at junit.framework.Assert.assertTrue(Assert.java:27)
	at com.restassured.testcases.TC001_Get_ALLempolyees.checkresponceTime(TC001_Get_ALLempolyees.java:45)
	at java.base/jdk.internal.reflect.NativeMethodAccessorImpl.invoke0(Native Method)
	at java.base/jdk.internal.reflect.NativeMethodAccessorImpl.invoke(NativeMethodAccessorImpl.java:64)
	at java.base/jdk.internal.reflect.DelegatingMethodAccessorImpl.invoke(DelegatingMethodAccessorImpl.java:43)
	at java.base/java.lang.reflect.Method.invoke(Method.java:564)
	at org.testng.internal.MethodInvocationHelper.invokeMethod(MethodInvocationHelper.java:133)
	at org.testng.internal.TestInvoker.invokeMethod(TestInvoker.java:598)
	at org.testng.internal.TestInvoker.invokeTestMethod(TestInvoker.java:173)
	at org.testng.internal.MethodRunner.runInSequence(MethodRunner.java:46)
	at org.testng.internal.TestInvoker$MethodInvocationAgent.invoke(TestInvoker.java:824)
	at org.testng.internal.TestInvoker.invokeTestMethods(TestInvoker.java:146)
	at org.testng.internal.TestMethodWorker.invokeTestMethods(TestMethodWorker.java:146)
	at org.testng.internal.TestMethodWorker.run(TestMethodWorker.java:128)
	at java.base/java.util.ArrayList.forEach(ArrayList.java:1511)
	at org.testng.TestRunner.privateRun(TestRunner.java:794)
	at org.testng.TestRunner.run(TestRunner.java:596)
	at org.testng.SuiteRunner.runTest(SuiteRunner.java:377)
	at org.testng.SuiteRunner.runSequentially(SuiteRunner.java:371)
	at org.testng.SuiteRunner.privateRun(SuiteRunner.java:332)
	at org.testng.SuiteRunner.run(SuiteRunner.java:276)
	at org.testng.SuiteRunnerWorker.runSuite(SuiteRunnerWorker.java:53)
	at org.testng.SuiteRunnerWorker.run(SuiteRunnerWorker.java:96)
	at org.testng.TestNG.runSuitesSequentially(TestNG.java:1212)
	at org.testng.TestNG.runSuitesLocally(TestNG.java:1134)
	at org.testng.TestNG.runSuites(TestNG.java:1063)
	at org.testng.TestNG.run(TestNG.java:1031)
	at org.testng.remote.AbstractRemoteTestNG.run(AbstractRemoteTestNG.java:115)
	at org.testng.remote.RemoteTestNG.initAndRun(RemoteTestNG.java:251)
	at org.testng.remote.RemoteTestNG.main(RemoteTestNG.java:77)
</pre></div></td>
<td>0</td>
<td>com.restassured.testcases.TC001_Get_ALLempolyees@67c33749</td></tr>
<tr>
<td title='com.restassured.testcases.TC001_Get_ALLempolyees.checkCookies()'><b>checkCookies</b><br>Test class: com.restassured.testcases.TC001_Get_ALLempolyees</td>
<td><div><pre>junit.framework.ComparisonFailure: expected:&lt;null&gt; but was:&lt;d2a7ab80-f7be-44cc-589e-576e3bbdab82&gt;
	at junit.framework.Assert.assertEquals(Assert.java:85)
	at junit.framework.Assert.assertEquals(Assert.java:91)
	at com.restassured.testcases.TC001_Get_ALLempolyees.checkCookies(TC001_Get_ALLempolyees.java:99)
	at java.base/java.util.ArrayList.forEach(ArrayList.java:1511)
... Removed 27 stack frames</pre></div><a href='#' onClick='toggleBox("stack-trace1711154833", this, "Click to show all stack frames", "Click to hide stack frames")'>Click to show all stack frames</a>
<div class='stack-trace' id='stack-trace1711154833'><pre>junit.framework.ComparisonFailure: expected:&lt;null&gt; but was:&lt;d2a7ab80-f7be-44cc-589e-576e3bbdab82&gt;
	at junit.framework.Assert.assertEquals(Assert.java:85)
	at junit.framework.Assert.assertEquals(Assert.java:91)
	at com.restassured.testcases.TC001_Get_ALLempolyees.checkCookies(TC001_Get_ALLempolyees.java:99)
	at java.base/jdk.internal.reflect.NativeMethodAccessorImpl.invoke0(Native Method)
	at java.base/jdk.internal.reflect.NativeMethodAccessorImpl.invoke(NativeMethodAccessorImpl.java:64)
	at java.base/jdk.internal.reflect.DelegatingMethodAccessorImpl.invoke(DelegatingMethodAccessorImpl.java:43)
	at java.base/java.lang.reflect.Method.invoke(Method.java:564)
	at org.testng.internal.MethodInvocationHelper.invokeMethod(MethodInvocationHelper.java:133)
	at org.testng.internal.TestInvoker.invokeMethod(TestInvoker.java:598)
	at org.testng.internal.TestInvoker.invokeTestMethod(TestInvoker.java:173)
	at org.testng.internal.MethodRunner.runInSequence(MethodRunner.java:46)
	at org.testng.internal.TestInvoker$MethodInvocationAgent.invoke(TestInvoker.java:824)
	at org.testng.internal.TestInvoker.invokeTestMethods(TestInvoker.java:146)
	at org.testng.internal.TestMethodWorker.invokeTestMethods(TestMethodWorker.java:146)
	at org.testng.internal.TestMethodWorker.run(TestMethodWorker.java:128)
	at java.base/java.util.ArrayList.forEach(ArrayList.java:1511)
	at org.testng.TestRunner.privateRun(TestRunner.java:794)
	at org.testng.TestRunner.run(TestRunner.java:596)
	at org.testng.SuiteRunner.runTest(SuiteRunner.java:377)
	at org.testng.SuiteRunner.runSequentially(SuiteRunner.java:371)
	at org.testng.SuiteRunner.privateRun(SuiteRunner.java:332)
	at org.testng.SuiteRunner.run(SuiteRunner.java:276)
	at org.testng.SuiteRunnerWorker.runSuite(SuiteRunnerWorker.java:53)
	at org.testng.SuiteRunnerWorker.run(SuiteRunnerWorker.java:96)
	at org.testng.TestNG.runSuitesSequentially(TestNG.java:1212)
	at org.testng.TestNG.runSuitesLocally(TestNG.java:1134)
	at org.testng.TestNG.runSuites(TestNG.java:1063)
	at org.testng.TestNG.run(TestNG.java:1031)
	at org.testng.remote.AbstractRemoteTestNG.run(AbstractRemoteTestNG.java:115)
	at org.testng.remote.RemoteTestNG.initAndRun(RemoteTestNG.java:251)
	at org.testng.remote.RemoteTestNG.main(RemoteTestNG.java:77)
</pre></div></td>
<td>0</td>
<td>com.restassured.testcases.TC001_Get_ALLempolyees@67c33749</td></tr>
<tr>
<td title='com.restassured.testcases.TC003_Post_Empolyees_Record.checkResponseBody()'><b>checkResponseBody</b><br>Test class: com.restassured.testcases.TC003_Post_Empolyees_Record</td>
<td><div><pre>java.lang.NullPointerException: Cannot invoke &quot;io.restassured.response.Response.getBody()&quot; because &quot;this.response&quot; is null
	at com.restassured.testcases.TC003_Post_Empolyees_Record.checkResponseBody(TC003_Post_Empolyees_Record.java:44)
	at java.base/java.util.ArrayList.forEach(ArrayList.java:1511)
... Removed 27 stack frames</pre></div><a href='#' onClick='toggleBox("stack-trace3981395", this, "Click to show all stack frames", "Click to hide stack frames")'>Click to show all stack frames</a>
<div class='stack-trace' id='stack-trace3981395'><pre>java.lang.NullPointerException: Cannot invoke &quot;io.restassured.response.Response.getBody()&quot; because &quot;this.response&quot; is null
	at com.restassured.testcases.TC003_Post_Empolyees_Record.checkResponseBody(TC003_Post_Empolyees_Record.java:44)
	at java.base/jdk.internal.reflect.NativeMethodAccessorImpl.invoke0(Native Method)
	at java.base/jdk.internal.reflect.NativeMethodAccessorImpl.invoke(NativeMethodAccessorImpl.java:64)
	at java.base/jdk.internal.reflect.DelegatingMethodAccessorImpl.invoke(DelegatingMethodAccessorImpl.java:43)
	at java.base/java.lang.reflect.Method.invoke(Method.java:564)
	at org.testng.internal.MethodInvocationHelper.invokeMethod(MethodInvocationHelper.java:133)
	at org.testng.internal.TestInvoker.invokeMethod(TestInvoker.java:598)
	at org.testng.internal.TestInvoker.invokeTestMethod(TestInvoker.java:173)
	at org.testng.internal.MethodRunner.runInSequence(MethodRunner.java:46)
	at org.testng.internal.TestInvoker$MethodInvocationAgent.invoke(TestInvoker.java:824)
	at org.testng.internal.TestInvoker.invokeTestMethods(TestInvoker.java:146)
	at org.testng.internal.TestMethodWorker.invokeTestMethods(TestMethodWorker.java:146)
	at org.testng.internal.TestMethodWorker.run(TestMethodWorker.java:128)
	at java.base/java.util.ArrayList.forEach(ArrayList.java:1511)
	at org.testng.TestRunner.privateRun(TestRunner.java:794)
	at org.testng.TestRunner.run(TestRunner.java:596)
	at org.testng.SuiteRunner.runTest(SuiteRunner.java:377)
	at org.testng.SuiteRunner.runSequentially(SuiteRunner.java:371)
	at org.testng.SuiteRunner.privateRun(SuiteRunner.java:332)
	at org.testng.SuiteRunner.run(SuiteRunner.java:276)
	at org.testng.SuiteRunnerWorker.runSuite(SuiteRunnerWorker.java:53)
	at org.testng.SuiteRunnerWorker.run(SuiteRunnerWorker.java:96)
	at org.testng.TestNG.runSuitesSequentially(TestNG.java:1212)
	at org.testng.TestNG.runSuitesLocally(TestNG.java:1134)
	at org.testng.TestNG.runSuites(TestNG.java:1063)
	at org.testng.TestNG.run(TestNG.java:1031)
	at org.testng.remote.AbstractRemoteTestNG.run(AbstractRemoteTestNG.java:115)
	at org.testng.remote.RemoteTestNG.initAndRun(RemoteTestNG.java:251)
	at org.testng.remote.RemoteTestNG.main(RemoteTestNG.java:77)
</pre></div></td>
<td>0</td>
<td>com.restassured.testcases.TC003_Post_Empolyees_Record@53fdffa1</td></tr>
</table><p>
<table width='100%' border='1' class='invocation-passed'>
<tr><td colspan='4' align='center'><b>PASSED TESTS</b></td></tr>
<tr><td><b>Test method</b></td>
<td width="30%"><b>Exception</b></td>
<td width="10%"><b>Time (seconds)</b></td>
<td><b>Instance</b></td>
</tr>
<tr>
<td title='com.restassured.testcases.TC005_DELETE_Empolyees_Record.checkContent_Type()'><b>checkContent_Type</b><br>Test class: com.restassured.testcases.TC005_DELETE_Empolyees_Record</td>
<td></td>
<td>0</td>
<td>com.restassured.testcases.TC005_DELETE_Empolyees_Record@4d465b11</td></tr>
<tr>
<td title='com.restassured.testcases.TC002_Get_Single_empolyees.checkcontent_Length()'><b>checkcontent_Length</b><br>Test class: com.restassured.testcases.TC002_Get_Single_empolyees</td>
<td></td>
<td>0</td>
<td>com.restassured.testcases.TC002_Get_Single_empolyees@5fbdfdcf</td></tr>
<tr>
<td title='com.restassured.testcases.TC003_Post_Empolyees_Record.createEmployee()'><b>createEmployee</b><br>Test class: com.restassured.testcases.TC003_Post_Empolyees_Record</td>
<td></td>
<td>9</td>
<td>com.restassured.testcases.TC003_Post_Empolyees_Record@53fdffa1</td></tr>
<tr>
<td title='com.restassured.testcases.TC005_DELETE_Empolyees_Record.deleteEmployee()'><b>deleteEmployee</b><br>Test class: com.restassured.testcases.TC005_DELETE_Empolyees_Record</td>
<td></td>
<td>7</td>
<td>com.restassured.testcases.TC005_DELETE_Empolyees_Record@4d465b11</td></tr>
<tr>
<td title='com.restassured.testcases.TC003_Post_Empolyees_Record.checkStatusCode()'><b>checkStatusCode</b><br>Test class: com.restassured.testcases.TC003_Post_Empolyees_Record</td>
<td></td>
<td>0</td>
<td>com.restassured.testcases.TC003_Post_Empolyees_Record@53fdffa1</td></tr>
<tr>
<td title='com.restassured.testcases.TC004_put_Empolyees_Record.checkStatusLine()'><b>checkStatusLine</b><br>Test class: com.restassured.testcases.TC004_put_Empolyees_Record</td>
<td></td>
<td>0</td>
<td>com.restassured.testcases.TC004_put_Empolyees_Record@383bfa16</td></tr>
<tr>
<td title='com.restassured.testcases.TC004_put_Empolyees_Record.checkresponceTime()'><b>checkresponceTime</b><br>Test class: com.restassured.testcases.TC004_put_Empolyees_Record</td>
<td></td>
<td>0</td>
<td>com.restassured.testcases.TC004_put_Empolyees_Record@383bfa16</td></tr>
<tr>
<td title='com.restassured.testcases.TC003_Post_Empolyees_Record.checkcontent_Length()'><b>checkcontent_Length</b><br>Test class: com.restassured.testcases.TC003_Post_Empolyees_Record</td>
<td></td>
<td>0</td>
<td>com.restassured.testcases.TC003_Post_Empolyees_Record@53fdffa1</td></tr>
<tr>
<td title='com.restassured.testcases.TC003_Post_Empolyees_Record.checkServer_Type()'><b>checkServer_Type</b><br>Test class: com.restassured.testcases.TC003_Post_Empolyees_Record</td>
<td></td>
<td>0</td>
<td>com.restassured.testcases.TC003_Post_Empolyees_Record@53fdffa1</td></tr>
<tr>
<td title='com.restassured.testcases.TC005_DELETE_Empolyees_Record.checkStatusLine()'><b>checkStatusLine</b><br>Test class: com.restassured.testcases.TC005_DELETE_Empolyees_Record</td>
<td></td>
<td>0</td>
<td>com.restassured.testcases.TC005_DELETE_Empolyees_Record@4d465b11</td></tr>
<tr>
<td title='com.restassured.testcases.TC001_Get_ALLempolyees.checkcontent_Encoding()'><b>checkcontent_Encoding</b><br>Test class: com.restassured.testcases.TC001_Get_ALLempolyees</td>
<td></td>
<td>0</td>
<td>com.restassured.testcases.TC001_Get_ALLempolyees@67c33749</td></tr>
<tr>
<td title='com.restassured.testcases.TC001_Get_ALLempolyees.checkStatusCode()'><b>checkStatusCode</b><br>Test class: com.restassured.testcases.TC001_Get_ALLempolyees</td>
<td></td>
<td>0</td>
<td>com.restassured.testcases.TC001_Get_ALLempolyees@67c33749</td></tr>
<tr>
<td title='com.restassured.testcases.TC002_Get_Single_empolyees.checkServer_Type()'><b>checkServer_Type</b><br>Test class: com.restassured.testcases.TC002_Get_Single_empolyees</td>
<td></td>
<td>0</td>
<td>com.restassured.testcases.TC002_Get_Single_empolyees@5fbdfdcf</td></tr>
<tr>
<td title='com.restassured.testcases.TC004_put_Empolyees_Record.checkcontent_Length()'><b>checkcontent_Length</b><br>Test class: com.restassured.testcases.TC004_put_Empolyees_Record</td>
<td></td>
<td>0</td>
<td>com.restassured.testcases.TC004_put_Empolyees_Record@383bfa16</td></tr>
<tr>
<td title='com.restassured.testcases.TC005_DELETE_Empolyees_Record.checkServer_Type()'><b>checkServer_Type</b><br>Test class: com.restassured.testcases.TC005_DELETE_Empolyees_Record</td>
<td></td>
<td>0</td>
<td>com.restassured.testcases.TC005_DELETE_Empolyees_Record@4d465b11</td></tr>
<tr>
<td title='com.restassured.testcases.TC004_put_Empolyees_Record.checkServer_Type()'><b>checkServer_Type</b><br>Test class: com.restassured.testcases.TC004_put_Empolyees_Record</td>
<td></td>
<td>0</td>
<td>com.restassured.testcases.TC004_put_Empolyees_Record@383bfa16</td></tr>
<tr>
<td title='com.restassured.testcases.TC002_Get_Single_empolyees.checkStatusLine()'><b>checkStatusLine</b><br>Test class: com.restassured.testcases.TC002_Get_Single_empolyees</td>
<td></td>
<td>0</td>
<td>com.restassured.testcases.TC002_Get_Single_empolyees@5fbdfdcf</td></tr>
<tr>
<td title='com.restassured.testcases.TC003_Post_Empolyees_Record.checkresponceTime()'><b>checkresponceTime</b><br>Test class: com.restassured.testcases.TC003_Post_Empolyees_Record</td>
<td></td>
<td>0</td>
<td>com.restassured.testcases.TC003_Post_Empolyees_Record@53fdffa1</td></tr>
<tr>
<td title='com.restassured.testcases.TC001_Get_ALLempolyees.checkresponceBody()'><b>checkresponceBody</b><br>Test class: com.restassured.testcases.TC001_Get_ALLempolyees</td>
<td></td>
<td>0</td>
<td>com.restassured.testcases.TC001_Get_ALLempolyees@67c33749</td></tr>
<tr>
<td title='com.restassured.testcases.TC005_DELETE_Empolyees_Record.checkStatusCode()'><b>checkStatusCode</b><br>Test class: com.restassured.testcases.TC005_DELETE_Empolyees_Record</td>
<td></td>
<td>0</td>
<td>com.restassured.testcases.TC005_DELETE_Empolyees_Record@4d465b11</td></tr>
<tr>
<td title='com.restassured.testcases.TC004_put_Empolyees_Record.checkStatusCode()'><b>checkStatusCode</b><br>Test class: com.restassured.testcases.TC004_put_Empolyees_Record</td>
<td></td>
<td>0</td>
<td>com.restassured.testcases.TC004_put_Empolyees_Record@383bfa16</td></tr>
<tr>
<td title='com.restassured.testcases.TC002_Get_Single_empolyees.checkContent_Type()'><b>checkContent_Type</b><br>Test class: com.restassured.testcases.TC002_Get_Single_empolyees</td>
<td></td>
<td>0</td>
<td>com.restassured.testcases.TC002_Get_Single_empolyees@5fbdfdcf</td></tr>
<tr>
<td title='com.restassured.testcases.TC001_Get_ALLempolyees.checkContent_Type()'><b>checkContent_Type</b><br>Test class: com.restassured.testcases.TC001_Get_ALLempolyees</td>
<td></td>
<td>0</td>
<td>com.restassured.testcases.TC001_Get_ALLempolyees@67c33749</td></tr>
<tr>
<td title='com.restassured.testcases.TC001_Get_ALLempolyees.checkServer_Type()'><b>checkServer_Type</b><br>Test class: com.restassured.testcases.TC001_Get_ALLempolyees</td>
<td></td>
<td>0</td>
<td>com.restassured.testcases.TC001_Get_ALLempolyees@67c33749</td></tr>
<tr>
<td title='com.restassured.testcases.TC005_DELETE_Empolyees_Record.checkresponceTime()'><b>checkresponceTime</b><br>Test class: com.restassured.testcases.TC005_DELETE_Empolyees_Record</td>
<td></td>
<td>0</td>
<td>com.restassured.testcases.TC005_DELETE_Empolyees_Record@4d465b11</td></tr>
<tr>
<td title='com.restassured.testcases.TC001_Get_ALLempolyees.checkStatusLine()'><b>checkStatusLine</b><br>Test class: com.restassured.testcases.TC001_Get_ALLempolyees</td>
<td></td>
<td>0</td>
<td>com.restassured.testcases.TC001_Get_ALLempolyees@67c33749</td></tr>
<tr>
<td title='com.restassured.testcases.TC003_Post_Empolyees_Record.checkContent_Type()'><b>checkContent_Type</b><br>Test class: com.restassured.testcases.TC003_Post_Empolyees_Record</td>
<td></td>
<td>0</td>
<td>com.restassured.testcases.TC003_Post_Empolyees_Record@53fdffa1</td></tr>
<tr>
<td title='com.restassured.testcases.TC003_Post_Empolyees_Record.checkStatusLine()'><b>checkStatusLine</b><br>Test class: com.restassured.testcases.TC003_Post_Empolyees_Record</td>
<td></td>
<td>0</td>
<td>com.restassured.testcases.TC003_Post_Empolyees_Record@53fdffa1</td></tr>
<tr>
<td title='com.restassured.testcases.TC005_DELETE_Empolyees_Record.checkcontent_Length()'><b>checkcontent_Length</b><br>Test class: com.restassured.testcases.TC005_DELETE_Empolyees_Record</td>
<td></td>
<td>0</td>
<td>com.restassured.testcases.TC005_DELETE_Empolyees_Record@4d465b11</td></tr>
<tr>
<td title='com.restassured.testcases.TC002_Get_Single_empolyees.checkStatusCode()'><b>checkStatusCode</b><br>Test class: com.restassured.testcases.TC002_Get_Single_empolyees</td>
<td></td>
<td>0</td>
<td>com.restassured.testcases.TC002_Get_Single_empolyees@5fbdfdcf</td></tr>
<tr>
<td title='com.restassured.testcases.TC002_Get_Single_empolyees.checkresponceTime()'><b>checkresponceTime</b><br>Test class: com.restassured.testcases.TC002_Get_Single_empolyees</td>
<td></td>
<td>0</td>
<td>com.restassured.testcases.TC002_Get_Single_empolyees@5fbdfdcf</td></tr>
<tr>
<td title='com.restassured.testcases.TC004_put_Empolyees_Record.UpdateEmployee()'><b>UpdateEmployee</b><br>Test class: com.restassured.testcases.TC004_put_Empolyees_Record</td>
<td></td>
<td>5</td>
<td>com.restassured.testcases.TC004_put_Empolyees_Record@383bfa16</td></tr>
<tr>
<td title='com.restassured.testcases.TC004_put_Empolyees_Record.checkContent_Type()'><b>checkContent_Type</b><br>Test class: com.restassured.testcases.TC004_put_Empolyees_Record</td>
<td></td>
<td>0</td>
<td>com.restassured.testcases.TC004_put_Empolyees_Record@383bfa16</td></tr>
</table><p>
</body>
</html>